2025-04-04 12:52:49.904791 - Received CBT.V508.FILE623.PDS from FILE623.XMI 
2025-04-04 12:52:49.905865 - Found $$$#DATE.txt (text/plain) in CBT.V508.FILE623.PDS, moved to PDS/$$$#DATE
2025-04-04 12:52:49.906025 - Found $$NOTE1.eml (message/rfc822) in CBT.V508.FILE623.PDS, moved to PDS/$$NOTE1
2025-04-04 12:52:49.906157 - Found $$NOTE2.txt (text/plain) in CBT.V508.FILE623.PDS, moved to PDS/$$NOTE2
2025-04-04 12:52:49.906278 - Found @FILE623.txt (text/plain) in CBT.V508.FILE623.PDS, moved to PDS/@FILE623
2025-04-04 12:52:49.906434 - Found @INSTALL.txt (text/plain) in CBT.V508.FILE623.PDS, moved to PDS/@INSTALL
2025-04-04 12:52:49.906595 - Found @USERGDE.txt (text/plain) in CBT.V508.FILE623.PDS, moved to PDS/@USERGDE
2025-04-04 12:52:49.906763 - Found ASMCMDS.txt (text/plain) in CBT.V508.FILE623.PDS, moved to PDS/ASMCMDS
2025-04-04 12:52:49.906905 - Found ASMWAIT.txt (text/plain) in CBT.V508.FILE623.PDS, moved to PDS/ASMWAIT
2025-04-04 12:52:49.907028 - Found ASMWTO.txt (text/plain) in CBT.V508.FILE623.PDS, moved to PDS/ASMWTO
2025-04-04 12:52:49.907150 - Found AUTOIPL.rexx (text/plain) in CBT.V508.FILE623.PDS, moved to PDS/AUTOIPL
2025-04-04 12:52:49.907274 - Found COMPILE.jcl (text/plain) in CBT.V508.FILE623.PDS, moved to PDS/COMPILE
2025-04-04 12:52:49.907419 - Found CONSCMD.txt (text/plain) in CBT.V508.FILE623.PDS, moved to PDS/CONSCMD
2025-04-04 12:52:49.907535 - Found IPLCMDS.txt (text/plain) in CBT.V508.FILE623.PDS, moved to PDS/IPLCMDS
2025-04-04 12:52:49.907653 - Found IPLPROD.txt (text/plain) in CBT.V508.FILE623.PDS, moved to PDS/IPLPROD
2025-04-04 12:52:49.907789 - Found IPLTCPIP.txt (text/plain) in CBT.V508.FILE623.PDS, moved to PDS/IPLTCPIP
2025-04-04 12:52:49.907931 - Found IPLTEST.txt (text/plain) in CBT.V508.FILE623.PDS, moved to PDS/IPLTEST
2025-04-04 12:52:49.908046 - Found SHUTDOWN.txt (text/plain) in CBT.V508.FILE623.PDS, moved to PDS/SHUTDOWN
2025-04-04 12:52:49.908179 - Found SHUTPROD.txt (text/plain) in CBT.V508.FILE623.PDS, moved to PDS/SHUTPROD
2025-04-04 12:52:49.908312 - Found SHUTTEST.txt (text/plain) in CBT.V508.FILE623.PDS, moved to PDS/SHUTTEST
